<?xml version="1.0" encoding="UTF-8"?>
<!-- Generated by org.testng.reporters.JUnitReportReporter -->
<testsuite skipped="0" hostname="Lenovo-PC" name="script.TestValidLogin" tests="1" failures="0" timestamp="09 Jan 2018 14:38:12 GMT" time="20.833" errors="0">
  <testcase name="testValidLogin" time="20.833" classname="script.TestValidLogin"/>
</testsuite> <!-- script.TestValidLogin -->
