<?xml version="1.0" encoding="UTF-8"?>
<!-- Generated by org.testng.reporters.JUnitReportReporter -->
<testsuite skipped="0" hostname="Lenovo-PC" name="script.TestInvalidLogin" tests="1" failures="0" timestamp="09 Jan 2018 14:38:12 GMT" time="17.003" errors="0">
  <testcase name="testInvalidLogin" time="17.003" classname="script.TestInvalidLogin"/>
</testsuite> <!-- script.TestInvalidLogin -->
